Load "test\\test.axf" 
Set JLink Project File to "e:\SHU\工程教育\GCJY\MDK-ARM\JLinkSettings.ini"* JLink Info: Device "STM32F407ZE" selected.

JLink info:
------------
DLL: V6.00e, compiled Aug  4 2016 09:37:38
Firmware: J-Link V9 compiled Dec 13 2019 11:14:50
Hardware: V9.00
S/N : 20061403 

* JLink Info: Found SWD-DP with ID 0x2BA01477
* JLink Info: Found SWD-DP with ID 0x2BA01477
* JLink Info: AP-IDR: 0x24770011, Type: AHB-AP
* JLink Info: Found Cortex-M4 r0p1, Little endian.
* JLink Info: FPUnit: 6 code (BP) slots and 2 literal slots
* JLink Info: CoreSight components:
* JLink Info: ROMTbl 0 @ E00FF000
* JLink Info: ROMTbl 0 [0]: FFF0F000, CID: B105E00D, PID: 000BB00C SCS
* JLink Info: ROMTbl 0 [1]: FFF02000, CID: B105E00D, PID: 003BB002 DWT
* JLink Info: ROMTbl 0 [2]: FFF03000, CID: B105E00D, PID: 002BB003 FPB
* JLink Info: ROMTbl 0 [3]: FFF01000, CID: B105E00D, PID: 003BB001 ITM
* JLink Info: ROMTbl 0 [4]: FFF41000, CID: B105900D, PID: 000BB9A1 TPIU
* JLink Info: ROMTbl 0 [5]: FFF42000, CID: B105900D, PID: 000BB925 ETM
ROMTableAddr = 0xE00FF000

Target info:
------------
Device: STM32F407ZETx
VTarget = 3.325V
State of Pins: TCK: 0, TDI: 0, TDO: 0, TMS: 1, TRES: 1, TRST: 0
Hardware-Breakpoints: 6
Software-Breakpoints: 8192
Watchpoints:          4
JTAG speed: 12000 kHz

Erase Done.Programming Done.Verify OK.Application running ...
Flash Load finished at 15:33:26
